2023-05-12 00:00:17,159 INFO     [MainThread] __main__ main.py: 12: Example
2023-05-12 00:01:42,233 INFO     __main__ main.py: 14: Example
2023-05-12 00:02:22,094 INFO     main.py: 14: Example
2023-05-12 00:05:32,380 INFO     main.py: 14: Example
2023-05-12 00:05:32,381 WARNING  temp5.py: 7: Warning Example
2023-05-12 00:07:33,549 __main__     INFO     Example
2023-05-12 00:07:33,549 temp.temp5   WARNING  Warning Example
2023-05-12 00:11:50,460 __main__     14 INFO     Example
2023-05-12 00:11:50,460 temp.temp5   7 WARNING  Warning Example
2023-05-12 00:12:21,131 __main__     14   INFO     Example
2023-05-12 00:12:21,132 temp.temp5   7    WARNING  Warning Example
2023-11-06 23:02:01,345 INFO     __main__     18   [!] Loading model config from ./config/model_config/temp.yaml ...
2023-11-06 23:02:01,350 INFO     __main__     21   [!] Loading dataset ...
2023-11-06 23:02:22,854 INFO     __main__     18   [!] Loading model config from ./config/model_config/temp.yaml ...
2023-11-06 23:02:22,859 INFO     __main__     21   [!] Loading dataset ...
2023-11-07 00:51:25,232 INFO     __main__     21   [!] Loading model config from ./config/model_config/temp.yaml ...
2023-11-07 00:51:25,237 INFO     __main__     24   [!] Loading dataset ...
2023-11-07 00:52:09,845 WARNING  datasets.builder 798  Found cached dataset cnn_dailymail (/Users/maziao/.cache/huggingface/datasets/cnn_dailymail/3.0.0/3.0.0/1b3c71476f6d152c31c1730e83ccb08bcf23e348233f4fcc11e182248e6bf7de)
2023-11-07 00:52:11,134 INFO     __main__     27   [!] Building model ...
2023-11-07 00:52:11,893 INFO     __main__     34   [!] Preparing optimizer, criterion and metrics ...
2023-11-07 00:52:11,895 INFO     __main__     42   [!] Start training [!]
2023-11-07 00:59:06,591 INFO     __main__     21   [!] Loading model config from ./config/model_config/temp.yaml ...
2023-11-07 00:59:06,596 INFO     __main__     24   [!] Loading dataset ...
2023-11-07 00:59:15,211 WARNING  datasets.builder 798  Found cached dataset cnn_dailymail (/Users/maziao/.cache/huggingface/datasets/cnn_dailymail/3.0.0/3.0.0/1b3c71476f6d152c31c1730e83ccb08bcf23e348233f4fcc11e182248e6bf7de)
2023-11-07 00:59:16,397 INFO     __main__     27   [!] Building model ...
2023-11-07 00:59:17,094 INFO     __main__     34   [!] Preparing optimizer, criterion and metrics ...
2023-11-07 00:59:17,096 INFO     __main__     42   [!] Start training [!]
2023-11-07 01:02:44,657 INFO     __main__     21   [!] Loading model config from ./config/model_config/temp.yaml ...
2023-11-07 01:02:44,662 INFO     __main__     24   [!] Loading dataset ...
2023-11-07 01:02:52,153 WARNING  datasets.builder 798  Found cached dataset cnn_dailymail (/Users/maziao/.cache/huggingface/datasets/cnn_dailymail/3.0.0/3.0.0/1b3c71476f6d152c31c1730e83ccb08bcf23e348233f4fcc11e182248e6bf7de)
2023-11-07 01:02:53,369 INFO     __main__     27   [!] Building model ...
2023-11-07 01:02:54,096 INFO     __main__     34   [!] Preparing optimizer, criterion and metrics ...
2023-11-07 01:02:54,097 INFO     __main__     42   [!] Start training [!]
2023-11-07 01:05:05,988 INFO     __main__     21   [!] Loading model config from ./config/model_config/temp.yaml ...
2023-11-07 01:05:05,993 INFO     __main__     24   [!] Loading dataset ...
2023-11-07 01:05:14,991 WARNING  datasets.builder 798  Found cached dataset cnn_dailymail (/Users/maziao/.cache/huggingface/datasets/cnn_dailymail/3.0.0/3.0.0/1b3c71476f6d152c31c1730e83ccb08bcf23e348233f4fcc11e182248e6bf7de)
2023-11-07 01:05:16,224 INFO     __main__     27   [!] Building model ...
2023-11-07 01:05:16,906 INFO     __main__     34   [!] Preparing optimizer, criterion and metrics ...
2023-11-07 01:05:16,907 INFO     __main__     42   [!] Start training [!]
2023-11-07 01:10:08,675 INFO     __main__     21   [!] Loading model config from ./config/model_config/temp.yaml ...
2023-11-07 01:10:08,680 INFO     __main__     24   [!] Loading dataset ...
2023-11-07 01:10:15,585 WARNING  datasets.builder 798  Found cached dataset cnn_dailymail (/Users/maziao/.cache/huggingface/datasets/cnn_dailymail/3.0.0/3.0.0/1b3c71476f6d152c31c1730e83ccb08bcf23e348233f4fcc11e182248e6bf7de)
2023-11-07 01:10:16,831 INFO     __main__     27   [!] Building model ...
2023-11-07 01:10:17,518 INFO     __main__     34   [!] Preparing optimizer, criterion and metrics ...
2023-11-07 01:10:17,519 INFO     __main__     42   [!] Start training [!]
2023-11-07 01:21:00,268 INFO     __main__     22   [!] Loading model config from ./config/model_config/temp.yaml ...
2023-11-07 01:21:00,273 INFO     __main__     25   [!] Loading dataset ...
2023-11-07 01:21:08,789 WARNING  datasets.builder 798  Found cached dataset cnn_dailymail (/Users/maziao/.cache/huggingface/datasets/cnn_dailymail/3.0.0/3.0.0/1b3c71476f6d152c31c1730e83ccb08bcf23e348233f4fcc11e182248e6bf7de)
2023-11-07 01:21:10,031 INFO     __main__     28   [!] Building model ...
2023-11-07 01:21:10,712 INFO     __main__     35   [!] Preparing optimizer, criterion and metrics ...
2023-11-07 01:21:10,713 INFO     __main__     43   [!] Start training [!]
2023-11-07 01:21:36,516 INFO     __main__     22   [!] Loading model config from ./config/model_config/temp.yaml ...
2023-11-07 01:21:36,521 INFO     __main__     25   [!] Loading dataset ...
2023-11-07 01:21:58,978 WARNING  datasets.builder 798  Found cached dataset cnn_dailymail (/Users/maziao/.cache/huggingface/datasets/cnn_dailymail/3.0.0/3.0.0/1b3c71476f6d152c31c1730e83ccb08bcf23e348233f4fcc11e182248e6bf7de)
2023-11-07 01:22:00,106 INFO     __main__     28   [!] Building model ...
2023-11-07 01:22:00,784 INFO     __main__     35   [!] Preparing optimizer, criterion and metrics ...
2023-11-07 01:22:00,785 INFO     __main__     43   [!] Start training [!]
2023-11-07 01:34:19,597 INFO     __main__     22   [!] Loading model config from ./config/model_config/temp.yaml ...
2023-11-07 01:34:19,602 INFO     __main__     25   [!] Loading dataset ...
2023-11-07 01:34:25,568 WARNING  datasets.builder 798  Found cached dataset cnn_dailymail (/Users/maziao/.cache/huggingface/datasets/cnn_dailymail/3.0.0/3.0.0/1b3c71476f6d152c31c1730e83ccb08bcf23e348233f4fcc11e182248e6bf7de)
2023-11-07 01:34:26,791 INFO     __main__     28   [!] Building model ...
2023-11-07 01:34:27,472 INFO     __main__     35   [!] Preparing optimizer, criterion and metrics ...
2023-11-07 01:34:27,473 INFO     __main__     43   [!] Start training [!]
2023-11-07 01:35:57,701 INFO     __main__     24   [!] Loading model config from ./config/model_config/temp.yaml ...
2023-11-07 01:35:57,706 INFO     __main__     27   [!] Loading dataset ...
2023-11-07 01:36:05,647 WARNING  datasets.builder 798  Found cached dataset cnn_dailymail (/Users/maziao/.cache/huggingface/datasets/cnn_dailymail/3.0.0/3.0.0/1b3c71476f6d152c31c1730e83ccb08bcf23e348233f4fcc11e182248e6bf7de)
2023-11-07 01:36:06,885 INFO     __main__     30   [!] Building model ...
2023-11-07 01:36:07,565 INFO     __main__     37   [!] Preparing optimizer, criterion and metrics ...
2023-11-07 01:36:07,566 INFO     __main__     45   [!] Start training [!]
2023-11-07 01:36:57,357 INFO     __main__     24   [!] Loading model config from ./config/model_config/temp.yaml ...
2023-11-07 01:36:57,362 INFO     __main__     27   [!] Loading dataset ...
2023-11-07 01:37:02,278 WARNING  datasets.builder 798  Found cached dataset cnn_dailymail (/Users/maziao/.cache/huggingface/datasets/cnn_dailymail/3.0.0/3.0.0/1b3c71476f6d152c31c1730e83ccb08bcf23e348233f4fcc11e182248e6bf7de)
2023-11-07 01:37:03,408 INFO     __main__     30   [!] Building model ...
2023-11-07 01:37:04,083 INFO     __main__     37   [!] Preparing optimizer, criterion and metrics ...
2023-11-07 01:37:04,084 INFO     __main__     45   [!] Start training [!]
2023-11-07 01:38:32,367 INFO     __main__     24   [!] Loading model config from ./config/model_config/temp.yaml ...
2023-11-07 01:38:32,373 INFO     __main__     27   [!] Loading dataset ...
2023-11-07 01:38:39,557 WARNING  datasets.builder 798  Found cached dataset cnn_dailymail (/Users/maziao/.cache/huggingface/datasets/cnn_dailymail/3.0.0/3.0.0/1b3c71476f6d152c31c1730e83ccb08bcf23e348233f4fcc11e182248e6bf7de)
2023-11-07 01:38:40,682 INFO     __main__     30   [!] Building model ...
2023-11-07 01:38:41,359 INFO     __main__     37   [!] Preparing optimizer, criterion and metrics ...
2023-11-07 01:38:41,360 INFO     __main__     45   [!] Start training [!]
2023-11-07 01:39:55,270 INFO     __main__     24   [!] Loading model config from ./config/model_config/temp.yaml ...
2023-11-07 01:39:55,275 INFO     __main__     27   [!] Loading dataset ...
2023-11-07 01:40:03,377 WARNING  datasets.builder 798  Found cached dataset cnn_dailymail (/Users/maziao/.cache/huggingface/datasets/cnn_dailymail/3.0.0/3.0.0/1b3c71476f6d152c31c1730e83ccb08bcf23e348233f4fcc11e182248e6bf7de)
2023-11-07 01:40:04,503 INFO     __main__     30   [!] Building model ...
2023-11-07 01:40:05,180 INFO     __main__     37   [!] Preparing optimizer, criterion and metrics ...
2023-11-07 01:40:05,181 INFO     __main__     45   [!] Start training [!]
2023-11-07 01:48:35,502 INFO     __main__     24   [!] Loading model config from ./config/model_config/temp.yaml ...
2023-11-07 01:48:35,507 INFO     __main__     27   [!] Loading dataset ...
2023-11-07 01:48:40,278 WARNING  datasets.builder 798  Found cached dataset cnn_dailymail (/Users/maziao/.cache/huggingface/datasets/cnn_dailymail/3.0.0/3.0.0/1b3c71476f6d152c31c1730e83ccb08bcf23e348233f4fcc11e182248e6bf7de)
2023-11-07 01:48:41,417 INFO     __main__     30   [!] Building model ...
2023-11-07 01:48:42,142 INFO     __main__     37   [!] Preparing optimizer, criterion and metrics ...
2023-11-07 01:48:42,143 INFO     __main__     45   [!] Start training [!]
2023-11-07 01:48:57,604 INFO     __main__     24   [!] Loading model config from ./config/model_config/temp.yaml ...
2023-11-07 01:48:57,609 INFO     __main__     27   [!] Loading dataset ...
2023-11-07 01:49:03,019 WARNING  datasets.builder 798  Found cached dataset cnn_dailymail (/Users/maziao/.cache/huggingface/datasets/cnn_dailymail/3.0.0/3.0.0/1b3c71476f6d152c31c1730e83ccb08bcf23e348233f4fcc11e182248e6bf7de)
2023-11-07 01:49:04,141 INFO     __main__     30   [!] Building model ...
2023-11-07 01:49:04,827 INFO     __main__     37   [!] Preparing optimizer, criterion and metrics ...
2023-11-07 01:49:04,828 INFO     __main__     45   [!] Start training [!]
2023-11-07 02:05:37,911 INFO     __main__     25   [!] Loading model config from ./config/model_config/temp.yaml ...
2023-11-07 02:05:37,916 INFO     __main__     28   [!] Loading dataset ...
2023-11-07 02:05:43,397 WARNING  datasets.builder 798  Found cached dataset cnn_dailymail (/Users/maziao/.cache/huggingface/datasets/cnn_dailymail/3.0.0/3.0.0/1b3c71476f6d152c31c1730e83ccb08bcf23e348233f4fcc11e182248e6bf7de)
2023-11-07 02:05:44,517 INFO     __main__     31   [!] Building model ...
2023-11-07 02:05:45,193 INFO     __main__     38   [!] Preparing optimizer, criterion and metrics ...
2023-11-07 02:05:45,193 INFO     __main__     47   [!] Start training [!]
2023-11-07 02:08:54,651 INFO     __main__     25   [!] Loading model config from ./config/model_config/temp.yaml ...
2023-11-07 02:08:54,656 INFO     __main__     28   [!] Loading dataset ...
2023-11-07 02:08:59,476 WARNING  datasets.builder 798  Found cached dataset cnn_dailymail (/Users/maziao/.cache/huggingface/datasets/cnn_dailymail/3.0.0/3.0.0/1b3c71476f6d152c31c1730e83ccb08bcf23e348233f4fcc11e182248e6bf7de)
2023-11-07 02:09:00,600 INFO     __main__     34   [!] Building model ...
2023-11-07 02:09:01,296 INFO     __main__     41   [!] Preparing optimizer, criterion and metrics ...
2023-11-07 02:09:01,297 INFO     __main__     50   [!] Start training [!]
2023-11-07 02:12:04,829 INFO     __main__     25   [!] Loading model config from ./config/model_config/temp.yaml ...
2023-11-07 02:12:04,835 INFO     __main__     28   [!] Loading dataset ...
2023-11-07 02:12:54,846 INFO     __main__     25   [!] Loading model config from ./config/model_config/temp.yaml ...
2023-11-07 02:12:54,853 INFO     __main__     28   [!] Loading dataset ...
2023-11-07 02:13:45,938 INFO     __main__     25   [!] Loading model config from ./config/model_config/temp.yaml ...
2023-11-07 02:13:45,943 INFO     __main__     28   [!] Loading dataset ...
2023-11-07 02:14:20,620 INFO     __main__     25   [!] Loading model config from ./config/model_config/temp.yaml ...
2023-11-07 02:14:20,625 INFO     __main__     28   [!] Loading dataset ...
2023-11-07 02:14:25,472 WARNING  datasets.builder 798  Found cached dataset cnn_dailymail (/Users/maziao/.cache/huggingface/datasets/cnn_dailymail/3.0.0/3.0.0/1b3c71476f6d152c31c1730e83ccb08bcf23e348233f4fcc11e182248e6bf7de)
2023-11-07 02:14:26,766 INFO     __main__     34   [!] Building model ...
2023-11-07 02:14:27,448 INFO     __main__     41   [!] Preparing optimizer, criterion and metrics ...
2023-11-07 02:14:27,449 INFO     __main__     50   [!] Start training [!]
2023-11-07 02:21:11,182 INFO     __main__     25   [!] Loading model config from ./config/model_config/temp.yaml ...
2023-11-07 02:21:11,187 INFO     __main__     28   [!] Loading dataset ...
2023-11-07 02:21:16,667 WARNING  datasets.builder 798  Found cached dataset cnn_dailymail (/Users/maziao/.cache/huggingface/datasets/cnn_dailymail/3.0.0/3.0.0/1b3c71476f6d152c31c1730e83ccb08bcf23e348233f4fcc11e182248e6bf7de)
2023-11-07 02:21:17,789 INFO     __main__     32   [!] Building model ...
2023-11-07 02:21:18,467 INFO     __main__     39   [!] Preparing optimizer, criterion and metrics ...
2023-11-07 02:21:18,468 INFO     __main__     48   [!] Start training [!]
2023-11-07 02:43:58,425 INFO     __main__     25   [!] Loading model config from ./config/model_config/temp.yaml ...
2023-11-07 02:43:58,430 INFO     __main__     28   [!] Loading dataset ...
2023-11-07 02:44:02,679 WARNING  datasets.builder 798  Found cached dataset cnn_dailymail (/Users/maziao/.cache/huggingface/datasets/cnn_dailymail/3.0.0/3.0.0/1b3c71476f6d152c31c1730e83ccb08bcf23e348233f4fcc11e182248e6bf7de)
2023-11-07 02:44:04,001 INFO     __main__     32   [!] Building model ...
2023-11-07 02:44:04,694 INFO     __main__     39   [!] Preparing optimizer, criterion and metrics ...
2023-11-07 02:44:04,695 INFO     __main__     48   [!] Start training [!]
2023-11-07 02:44:32,117 INFO     __main__     25   [!] Loading model config from ./config/model_config/temp.yaml ...
2023-11-07 02:44:32,122 INFO     __main__     28   [!] Loading dataset ...
2023-11-07 02:44:37,439 WARNING  datasets.builder 798  Found cached dataset cnn_dailymail (/Users/maziao/.cache/huggingface/datasets/cnn_dailymail/3.0.0/3.0.0/1b3c71476f6d152c31c1730e83ccb08bcf23e348233f4fcc11e182248e6bf7de)
2023-11-07 02:44:38,556 INFO     __main__     32   [!] Building model ...
2023-11-07 02:44:39,236 INFO     __main__     39   [!] Preparing optimizer, criterion and metrics ...
2023-11-07 02:44:39,237 INFO     __main__     48   [!] Start training [!]
2023-11-07 02:44:48,004 INFO     __main__     25   [!] Loading model config from ./config/model_config/temp.yaml ...
2023-11-07 02:44:48,009 INFO     __main__     28   [!] Loading dataset ...
2023-11-07 02:44:52,261 WARNING  datasets.builder 798  Found cached dataset cnn_dailymail (/Users/maziao/.cache/huggingface/datasets/cnn_dailymail/3.0.0/3.0.0/1b3c71476f6d152c31c1730e83ccb08bcf23e348233f4fcc11e182248e6bf7de)
2023-11-07 02:44:53,495 INFO     __main__     32   [!] Building model ...
2023-11-07 02:44:54,176 INFO     __main__     39   [!] Preparing optimizer, criterion and metrics ...
2023-11-07 02:44:54,177 INFO     __main__     48   [!] Start training [!]
2023-11-07 02:49:24,800 INFO     __main__     25   [!] Loading model config from ./config/model_config/temp.yaml ...
2023-11-07 02:49:24,806 INFO     __main__     28   [!] Loading dataset ...
2023-11-07 02:49:30,114 WARNING  datasets.builder 798  Found cached dataset cnn_dailymail (/Users/maziao/.cache/huggingface/datasets/cnn_dailymail/3.0.0/3.0.0/1b3c71476f6d152c31c1730e83ccb08bcf23e348233f4fcc11e182248e6bf7de)
2023-11-07 02:49:31,236 INFO     __main__     32   [!] Building model ...
2023-11-07 02:49:31,920 INFO     __main__     39   [!] Preparing optimizer, criterion and metrics ...
2023-11-07 02:49:31,921 INFO     __main__     48   [!] Start training [!]
2023-11-07 02:50:58,177 INFO     __main__     25   [!] Loading model config from ./config/model_config/temp.yaml ...
2023-11-07 02:50:58,182 INFO     __main__     28   [!] Loading dataset ...
2023-11-07 02:51:02,357 WARNING  datasets.builder 798  Found cached dataset cnn_dailymail (/Users/maziao/.cache/huggingface/datasets/cnn_dailymail/3.0.0/3.0.0/1b3c71476f6d152c31c1730e83ccb08bcf23e348233f4fcc11e182248e6bf7de)
2023-11-07 02:51:03,598 INFO     __main__     32   [!] Building model ...
2023-11-07 02:51:04,279 INFO     __main__     39   [!] Preparing optimizer, criterion and metrics ...
2023-11-07 02:51:04,280 INFO     __main__     48   [!] Start training [!]
2023-11-07 02:51:28,149 INFO     __main__     25   [!] Loading model config from ./config/model_config/temp.yaml ...
2023-11-07 02:51:28,155 INFO     __main__     28   [!] Loading dataset ...
2023-11-07 02:51:32,652 WARNING  datasets.builder 798  Found cached dataset cnn_dailymail (/Users/maziao/.cache/huggingface/datasets/cnn_dailymail/3.0.0/3.0.0/1b3c71476f6d152c31c1730e83ccb08bcf23e348233f4fcc11e182248e6bf7de)
2023-11-07 02:51:33,771 INFO     __main__     32   [!] Building model ...
2023-11-07 02:51:34,450 INFO     __main__     39   [!] Preparing optimizer, criterion and metrics ...
2023-11-07 02:51:34,451 INFO     __main__     48   [!] Start training [!]
2023-11-07 02:59:09,985 INFO     __main__     25   [!] Loading model config from ./config/model_config/temp.yaml ...
2023-11-07 02:59:09,990 INFO     __main__     28   [!] Loading dataset ...
2023-11-07 02:59:15,004 WARNING  datasets.builder 798  Found cached dataset cnn_dailymail (/Users/maziao/.cache/huggingface/datasets/cnn_dailymail/3.0.0/3.0.0/1b3c71476f6d152c31c1730e83ccb08bcf23e348233f4fcc11e182248e6bf7de)
2023-11-07 02:59:16,141 INFO     __main__     33   [!] Building model ...
2023-11-07 02:59:16,817 INFO     __main__     40   [!] Preparing optimizer, criterion and metrics ...
2023-11-07 02:59:16,817 INFO     __main__     49   [!] Start training [!]
2023-11-07 02:59:53,883 INFO     __main__     25   [!] Loading model config from ./config/model_config/temp.yaml ...
2023-11-07 02:59:53,888 INFO     __main__     28   [!] Loading dataset ...
2023-11-07 03:00:00,140 INFO     __main__     25   [!] Loading model config from ./config/model_config/temp.yaml ...
2023-11-07 03:00:00,146 INFO     __main__     28   [!] Loading dataset ...
2023-11-07 03:00:05,965 WARNING  datasets.builder 798  Found cached dataset cnn_dailymail (/Users/maziao/.cache/huggingface/datasets/cnn_dailymail/3.0.0/3.0.0/1b3c71476f6d152c31c1730e83ccb08bcf23e348233f4fcc11e182248e6bf7de)
2023-11-07 03:00:07,197 INFO     __main__     33   [!] Building model ...
2023-11-07 03:00:07,874 INFO     __main__     40   [!] Preparing optimizer, criterion and metrics ...
2023-11-07 03:00:07,875 INFO     __main__     49   [!] Start training [!]
2023-11-07 03:00:59,957 INFO     __main__     25   [!] Loading model config from ./config/model_config/temp.yaml ...
2023-11-07 03:00:59,962 INFO     __main__     28   [!] Loading dataset ...
2023-11-07 03:01:05,536 WARNING  datasets.builder 798  Found cached dataset cnn_dailymail (/Users/maziao/.cache/huggingface/datasets/cnn_dailymail/3.0.0/3.0.0/1b3c71476f6d152c31c1730e83ccb08bcf23e348233f4fcc11e182248e6bf7de)
2023-11-07 03:01:06,643 INFO     __main__     33   [!] Building model ...
2023-11-07 03:01:07,325 INFO     __main__     40   [!] Preparing optimizer, criterion and metrics ...
2023-11-07 03:01:07,326 INFO     __main__     49   [!] Start training [!]
2023-11-07 03:03:46,862 INFO     __main__     25   [!] Loading model config from ./config/model_config/temp.yaml ...
2023-11-07 03:03:46,867 INFO     __main__     28   [!] Loading dataset ...
2023-11-07 03:03:51,152 WARNING  datasets.builder 798  Found cached dataset cnn_dailymail (/Users/maziao/.cache/huggingface/datasets/cnn_dailymail/3.0.0/3.0.0/1b3c71476f6d152c31c1730e83ccb08bcf23e348233f4fcc11e182248e6bf7de)
2023-11-07 03:03:52,398 INFO     __main__     33   [!] Building model ...
2023-11-07 03:03:53,071 INFO     __main__     40   [!] Preparing optimizer, criterion and metrics ...
2023-11-07 03:03:53,072 INFO     __main__     49   [!] Start training [!]
2023-11-07 03:04:10,541 INFO     __main__     25   [!] Loading model config from ./config/model_config/temp.yaml ...
2023-11-07 03:04:10,546 INFO     __main__     28   [!] Loading dataset ...
2023-11-07 03:04:15,175 WARNING  datasets.builder 798  Found cached dataset cnn_dailymail (/Users/maziao/.cache/huggingface/datasets/cnn_dailymail/3.0.0/3.0.0/1b3c71476f6d152c31c1730e83ccb08bcf23e348233f4fcc11e182248e6bf7de)
2023-11-07 03:04:16,389 INFO     __main__     33   [!] Building model ...
2023-11-07 03:04:17,066 INFO     __main__     40   [!] Preparing optimizer, criterion and metrics ...
2023-11-07 03:04:17,067 INFO     __main__     49   [!] Start training [!]
2023-11-07 03:05:01,913 INFO     __main__     25   [!] Loading model config from ./config/model_config/temp.yaml ...
2023-11-07 03:05:01,919 INFO     __main__     28   [!] Loading dataset ...
2023-11-07 03:05:06,870 WARNING  datasets.builder 798  Found cached dataset cnn_dailymail (/Users/maziao/.cache/huggingface/datasets/cnn_dailymail/3.0.0/3.0.0/1b3c71476f6d152c31c1730e83ccb08bcf23e348233f4fcc11e182248e6bf7de)
2023-11-07 03:05:07,989 INFO     __main__     33   [!] Building model ...
2023-11-07 03:05:08,664 INFO     __main__     40   [!] Preparing optimizer, criterion and metrics ...
2023-11-07 03:05:08,665 INFO     __main__     49   [!] Start training [!]
2023-11-07 03:05:48,188 INFO     __main__     25   [!] Loading model config from ./config/model_config/temp.yaml ...
2023-11-07 03:05:48,194 INFO     __main__     28   [!] Loading dataset ...
2023-11-07 03:05:53,058 WARNING  datasets.builder 798  Found cached dataset cnn_dailymail (/Users/maziao/.cache/huggingface/datasets/cnn_dailymail/3.0.0/3.0.0/1b3c71476f6d152c31c1730e83ccb08bcf23e348233f4fcc11e182248e6bf7de)
2023-11-07 03:05:54,280 INFO     __main__     33   [!] Building model ...
2023-11-07 03:05:54,953 INFO     __main__     40   [!] Preparing optimizer, criterion and metrics ...
2023-11-07 03:05:54,954 INFO     __main__     49   [!] Start training [!]
2023-11-07 03:06:32,166 INFO     __main__     25   [!] Loading model config from ./config/model_config/temp.yaml ...
2023-11-07 03:06:32,171 INFO     __main__     28   [!] Loading dataset ...
2023-11-07 03:06:38,057 WARNING  datasets.builder 798  Found cached dataset cnn_dailymail (/Users/maziao/.cache/huggingface/datasets/cnn_dailymail/3.0.0/3.0.0/1b3c71476f6d152c31c1730e83ccb08bcf23e348233f4fcc11e182248e6bf7de)
2023-11-07 03:06:39,184 INFO     __main__     33   [!] Building model ...
2023-11-07 03:06:39,858 INFO     __main__     40   [!] Preparing optimizer, criterion and metrics ...
2023-11-07 03:06:39,860 INFO     __main__     49   [!] Start training [!]
2023-11-07 03:07:33,275 INFO     __main__     25   [!] Loading model config from ./config/model_config/temp.yaml ...
2023-11-07 03:07:33,280 INFO     __main__     28   [!] Loading dataset ...
2023-11-07 03:07:37,913 WARNING  datasets.builder 798  Found cached dataset cnn_dailymail (/Users/maziao/.cache/huggingface/datasets/cnn_dailymail/3.0.0/3.0.0/1b3c71476f6d152c31c1730e83ccb08bcf23e348233f4fcc11e182248e6bf7de)
2023-11-07 03:07:39,142 INFO     __main__     33   [!] Building model ...
2023-11-07 03:07:39,816 INFO     __main__     40   [!] Preparing optimizer, criterion and metrics ...
2023-11-07 03:07:39,817 INFO     __main__     49   [!] Start training [!]
2023-11-07 03:08:23,550 INFO     __main__     25   [!] Loading model config from ./config/model_config/temp.yaml ...
2023-11-07 03:08:23,555 INFO     __main__     28   [!] Loading dataset ...
2023-11-07 03:08:27,661 WARNING  datasets.builder 798  Found cached dataset cnn_dailymail (/Users/maziao/.cache/huggingface/datasets/cnn_dailymail/3.0.0/3.0.0/1b3c71476f6d152c31c1730e83ccb08bcf23e348233f4fcc11e182248e6bf7de)
2023-11-07 03:08:28,786 INFO     __main__     33   [!] Building model ...
2023-11-07 03:08:29,465 INFO     __main__     40   [!] Preparing optimizer, criterion and metrics ...
2023-11-07 03:08:29,466 INFO     __main__     49   [!] Start training [!]
2023-11-07 03:08:53,917 INFO     __main__     25   [!] Loading model config from ./config/model_config/temp.yaml ...
2023-11-07 03:08:53,923 INFO     __main__     28   [!] Loading dataset ...
2023-11-07 03:08:58,462 WARNING  datasets.builder 798  Found cached dataset cnn_dailymail (/Users/maziao/.cache/huggingface/datasets/cnn_dailymail/3.0.0/3.0.0/1b3c71476f6d152c31c1730e83ccb08bcf23e348233f4fcc11e182248e6bf7de)
2023-11-07 03:08:59,696 INFO     __main__     33   [!] Building model ...
2023-11-07 03:09:00,374 INFO     __main__     40   [!] Preparing optimizer, criterion and metrics ...
2023-11-07 03:09:00,375 INFO     __main__     49   [!] Start training [!]
2023-11-07 03:11:56,540 INFO     __main__     25   [!] Loading model config from ./config/model_config/temp.yaml ...
2023-11-07 03:11:56,546 INFO     __main__     28   [!] Loading dataset ...
2023-11-07 03:12:01,040 WARNING  datasets.builder 798  Found cached dataset cnn_dailymail (/Users/maziao/.cache/huggingface/datasets/cnn_dailymail/3.0.0/3.0.0/1b3c71476f6d152c31c1730e83ccb08bcf23e348233f4fcc11e182248e6bf7de)
2023-11-07 03:12:02,169 INFO     __main__     33   [!] Building model ...
2023-11-07 03:12:02,849 INFO     __main__     40   [!] Preparing optimizer, criterion and metrics ...
2023-11-07 03:12:02,850 INFO     __main__     49   [!] Start training [!]
2023-11-07 03:12:23,659 INFO     __main__     25   [!] Loading model config from ./config/model_config/temp.yaml ...
2023-11-07 03:12:23,665 INFO     __main__     28   [!] Loading dataset ...
2023-11-07 03:12:27,943 WARNING  datasets.builder 798  Found cached dataset cnn_dailymail (/Users/maziao/.cache/huggingface/datasets/cnn_dailymail/3.0.0/3.0.0/1b3c71476f6d152c31c1730e83ccb08bcf23e348233f4fcc11e182248e6bf7de)
2023-11-07 03:12:29,168 INFO     __main__     33   [!] Building model ...
2023-11-07 03:12:29,845 INFO     __main__     40   [!] Preparing optimizer, criterion and metrics ...
2023-11-07 03:12:29,846 INFO     __main__     49   [!] Start training [!]
2023-11-07 03:14:42,339 INFO     __main__     25   [!] Loading model config from ./config/model_config/temp.yaml ...
2023-11-07 03:14:42,344 INFO     __main__     28   [!] Loading dataset ...
2023-11-07 03:14:46,994 WARNING  datasets.builder 798  Found cached dataset cnn_dailymail (/Users/maziao/.cache/huggingface/datasets/cnn_dailymail/3.0.0/3.0.0/1b3c71476f6d152c31c1730e83ccb08bcf23e348233f4fcc11e182248e6bf7de)
2023-11-07 03:14:48,110 INFO     __main__     33   [!] Building model ...
2023-11-07 03:14:48,787 INFO     __main__     40   [!] Preparing optimizer, criterion and metrics ...
2023-11-07 03:14:48,788 INFO     __main__     49   [!] Start training [!]
2023-11-07 03:15:48,885 INFO     __main__     25   [!] Loading model config from ./config/model_config/temp.yaml ...
2023-11-07 03:15:48,890 INFO     __main__     28   [!] Loading dataset ...
2023-11-07 03:15:53,732 WARNING  datasets.builder 798  Found cached dataset cnn_dailymail (/Users/maziao/.cache/huggingface/datasets/cnn_dailymail/3.0.0/3.0.0/1b3c71476f6d152c31c1730e83ccb08bcf23e348233f4fcc11e182248e6bf7de)
2023-11-07 03:15:54,907 INFO     __main__     33   [!] Building model ...
2023-11-07 03:15:55,584 INFO     __main__     40   [!] Preparing optimizer, criterion and metrics ...
2023-11-07 03:15:55,585 INFO     __main__     49   [!] Start training [!]
2023-11-07 03:16:16,976 INFO     __main__     25   [!] Loading model config from ./config/model_config/temp.yaml ...
2023-11-07 03:16:16,982 INFO     __main__     28   [!] Loading dataset ...
2023-11-07 03:16:21,659 WARNING  datasets.builder 798  Found cached dataset cnn_dailymail (/Users/maziao/.cache/huggingface/datasets/cnn_dailymail/3.0.0/3.0.0/1b3c71476f6d152c31c1730e83ccb08bcf23e348233f4fcc11e182248e6bf7de)
2023-11-07 03:16:22,774 INFO     __main__     33   [!] Building model ...
2023-11-07 03:16:23,450 INFO     __main__     40   [!] Preparing optimizer, criterion and metrics ...
2023-11-07 03:16:23,451 INFO     __main__     49   [!] Start training [!]
2023-11-07 03:19:02,452 INFO     __main__     25   [!] Loading model config from ./config/model_config/temp.yaml ...
2023-11-07 03:19:02,457 INFO     __main__     28   [!] Loading dataset ...
2023-11-07 03:19:06,725 WARNING  datasets.builder 798  Found cached dataset cnn_dailymail (/Users/maziao/.cache/huggingface/datasets/cnn_dailymail/3.0.0/3.0.0/1b3c71476f6d152c31c1730e83ccb08bcf23e348233f4fcc11e182248e6bf7de)
2023-11-07 03:19:07,936 INFO     __main__     33   [!] Building model ...
2023-11-07 03:19:08,619 INFO     __main__     40   [!] Preparing optimizer, criterion and metrics ...
2023-11-07 03:19:08,620 INFO     __main__     49   [!] Start training [!]
